#
# A fatal error has been detected by the Java Runtime Environment:
#
#  SIGBUS (0xa) at pc=0x00007fff97a42844, pid=2902, tid=0x0000000000000713
#
# JRE version: Java(TM) SE Runtime Environment (8.0_131-b11) (build 1.8.0_131-b11)
# Java VM: Java HotSpot(TM) 64-Bit Server VM (25.131-b11 mixed mode bsd-amd64 compressed oops)
# Problematic frame:
# C  [CoreGraphics+0x49844]  decode_swap+0x30
#
# Failed to write core dump. Core dumps have been disabled. To enable core dumping, try "ulimit -c unlimited" before starting Java again
#
# If you would like to submit a bug report, please visit:
#   http://bugreport.java.com/bugreport/crash.jsp
# The crash happened outside the Java Virtual Machine in native code.
# See problematic frame for where to report the bug.
#

---------------  T H R E A D  ---------------

Current thread (0x00007f85230bc000):  JavaThread "JavaFX Application Thread" [_thread_in_native, id=1811, stack(0x00007fff5cfa4000,0x00007fff5d7a4000)]

siginfo: si_signo: 10 (SIGBUS), si_code: 2 (BUS_ADRERR), si_addr: 0x000000079745e9d0

Registers:
RAX=0x00007f8524688330, RBX=0x000000079745e9d0, RCX=0x0000000000000200, RDX=0x000000079745e9d0
RSP=0x00007fff5d79b338, RBP=0x00007fff5d79b350, RSI=0x00007f8524688330, RDI=0x00007f8524688530
R8 =0x00000000000001f0, R9 =0x00000000000001f0, R10=0x000000079745ebd0, R11=0x00007fff5d79b6c8
R12=0x0000000000000020, R13=0x0000000000000200, R14=0x00007fff5d79cb90, R15=0x00007f852466e150
RIP=0x00007fff97a42844, EFLAGS=0x0000000000010206, ERR=0x0000000000000004
  TRAPNO=0x000000000000000e

Top of Stack: (sp=0x00007fff5d79b338)
0x00007fff5d79b338:   000000079745e9d0 00007fff5d79cb90
0x00007fff5d79b348:   00007f852466e150 00007fff5d79b4f0
0x00007fff5d79b358:   00007fff97a227ca 0000000000000050
0x00007fff5d79b368:   00007f852214b280 0000000000000010
0x00007fff5d79b378:   0000000000000024 00007f852214b200
0x00007fff5d79b388:   0000000000000000 00007fff5d79b830
0x00007fff5d79b398:   00007fff97a67f54 000000025d79b3f0
0x00007fff5d79b3a8:   0000000000000500 0000000000000010
0x00007fff5d79b3b8:   0000000000000000 0000000224491740
0x00007fff5d79b3c8:   3fbe3c78f1e3c78f 0000000000000080
0x00007fff5d79b3d8:   3fbe3c7800000180 0000002400000080
0x00007fff5d79b3e8:   00007fff5d79b400 0000000000000000
0x00007fff5d79b3f8:   0000000000000008 0000000000000000
0x00007fff5d79b408:   0000000000000001 bfa1679f00000003
0x00007fff5d79b418:   0000000000000080 bfb3c8fb00000200
0x00007fff5d79b428:   0000000000000080 0000000000000004
0x00007fff5d79b438:   00007f852466e150 000000033b4c9907
0x00007fff5d79b448:   0000000700000000 00007fff00000001
0x00007fff5d79b458:   3fdc8fbd00000200 3fe38fbc9b62b4ec
0x00007fff5d79b468:   0000000000000008 3fec7a7d00000001
0x00007fff5d79b478:   3fef177600000004 0000000000000180
0x00007fff5d79b488:   0000000000000200 3fec7a7ddf54355e
0x00007fff5d79b498:   00007f8524688330 3fe38fbc00000003
0x00007fff5d79b4a8:   3fdc8fbd00000000 00007fff5d79c710
0x00007fff5d79b4b8:   000000079745e9d0 3fa3f28b3b4c9a89
0x00007fff5d79b4c8:   0000000000000003 00007fff5d79b6c8
0x00007fff5d79b4d8:   0000000000000000 0000000000000000
0x00007fff5d79b4e8:   00007fff5d79bc00 00007fff5d79b5e0
0x00007fff5d79b4f8:   00007fff97a21345 00007f8500000180
0x00007fff5d79b508:   00007fff5d79cb90 00007fff00000080
0x00007fff5d79b518:   00007fff97a20f7a 00007fff5d79b610
0x00007fff5d79b528:   00007fff93ac4b1d ffffffffffffffff 

Instructions: (pc=0x00007fff97a42844)
0x00007fff97a42824:   f9 10 0f 8c c2 00 00 00 44 8d 41 f0 45 89 c1 41
0x00007fff97a42834:   83 e1 f0 4a 8d 7c 0e 10 4e 8d 54 0a 10 48 89 f0
0x00007fff97a42844:   8b 1a 44 8b 5a 04 44 8b 72 08 44 8b 7a 0c 83 c1
0x00007fff97a42854:   f0 0f 38 f1 18 44 0f 38 f1 58 04 44 0f 38 f1 70 

Register to memory mapping:

RAX=0x00007f8524688330 is an unknown value
RBX=0x000000079745e9d0 is an unallocated location in the heap
RCX=0x0000000000000200 is an unknown value
RDX=0x000000079745e9d0 is an unallocated location in the heap
RSP=0x00007fff5d79b338 is pointing into the stack for thread: 0x00007f85230bc000
RBP=0x00007fff5d79b350 is pointing into the stack for thread: 0x00007f85230bc000
RSI=0x00007f8524688330 is an unknown value
RDI=0x00007f8524688530 is an unknown value
R8 =0x00000000000001f0 is an unknown value
R9 =0x00000000000001f0 is an unknown value
R10=0x000000079745ebd0 is an unallocated location in the heap
R11=0x00007fff5d79b6c8 is pointing into the stack for thread: 0x00007f85230bc000
R12=0x0000000000000020 is an unknown value
R13=0x0000000000000200 is an unknown value
R14=0x00007fff5d79cb90 is pointing into the stack for thread: 0x00007f85230bc000
R15=0x00007f852466e150 is an unknown value


Stack: [0x00007fff5cfa4000,0x00007fff5d7a4000],  sp=0x00007fff5d79b338,  free space=8156k
Native frames: (J=compiled Java code, j=interpreted, Vv=VM code, C=native code)
C  [CoreGraphics+0x49844]  decode_swap+0x30
C  [CoreGraphics+0x297ca]  decode_data+0xdc0
C  [CoreGraphics+0x28345]  img_decode_read+0x506
C  [CoreGraphics+0x6fd2a]  img_interpolate_read+0x197
C  [CoreGraphics+0x27d37]  img_colormatch_read+0x17b
C  [CoreGraphics+0x27b33]  img_alphamerge_read+0x22b
C  [CoreGraphics+0x25959]  img_data_lock+0x2118
C  [CoreGraphics+0x228ba]  CGSImageDataLock+0x97
C  [libRIP.A.dylib+0xda02]  ripc_AcquireImage+0x38a
C  [libRIP.A.dylib+0xc525]  ripc_DrawImage+0x40d
C  [CoreGraphics+0x22577]  CGContextDrawImage+0x165
C  [AppKit+0xf76f2]  __74-[NSImageRep drawInRect:fromRect:operation:fraction:respectFlipped:hints:]_block_invoke+0x320
C  [AppKit+0xf7195]  -[NSImageRep drawInRect:fromRect:operation:fraction:respectFlipped:hints:]+0x454
C  [AppKit+0x5e7656]  __71-[NSImage drawInRect:fromRect:operation:fraction:respectFlipped:hints:]_block_invoke1012+0x473
C  [AppKit+0x9ddc6]  -[NSImage _usingBestRepresentationForRect:context:hints:body:]+0xa4
C  [AppKit+0xf69d7]  -[NSImage drawInRect:fromRect:operation:fraction:respectFlipped:hints:]+0x84a
C  [AppKit+0xf5d2e]  -[NSImage _drawMappingAlignmentRectToRect:withState:backgroundStyle:operation:fraction:flip:hints:]+0x65c
C  [AppKit+0x20a8c4]  -[NSThemeDocumentButtonCell drawWithFrame:inView:]+0x256
C  [AppKit+0xfb321]  -[NSControl drawRect:]+0x156
C  [AppKit+0xe5689]  -[NSView _drawRect:clip:]+0x108e
C  [AppKit+0xe3cfa]  -[NSView _recursiveDisplayAllDirtyWithLockFocus:visRect:]+0x753
C  [AppKit+0xe40fe]  -[NSView _recursiveDisplayAllDirtyWithLockFocus:visRect:]+0xb57
C  [AppKit+0xe1b96]  -[NSView _recursiveDisplayRectIfNeededIgnoringOpacity:isVisibleRect:rectIsVisibleRectForView:topView:]+0x391
C  [AppKit+0xe12f3]  -[NSThemeFrame _recursiveDisplayRectIfNeededIgnoringOpacity:isVisibleRect:rectIsVisibleRectForView:topView:]+0x14d
C  [AppKit+0xdd68b]  -[NSView _displayRectIgnoringOpacity:isVisibleRect:rectIsVisibleRectForView:]+0xac9
C  [AppKit+0x951ae]  -[NSView displayIfNeeded]+0x754
C  [AppKit+0x14a705]  -[NSWindow display]+0x69
C  [AppKit+0x40c787]  -[NSWindow _displayProfileChanged]+0xd0
C  [AppKit+0x8cfef]  __44-[NSApplication makeWindowsPerform:inOrder:]_block_invoke+0x1b
C  [AppKit+0x8cf41]  -[NSApplication _findWindowInOrder:passingTest:]+0x176
C  [AppKit+0x8cdbe]  -[NSApplication makeWindowsPerform:inOrder:]+0x51
C  [CoreGraphics+0x7f8b7]  _ZNK21CGSConnectionNotifier16invoke_callbacksEjPvm+0x241
C  [CoreGraphics+0x7f60f]  _ZN12_GLOBAL__N_123notify_datagram_handlerEj15CGSDatagramTypePvmS1_+0x67
C  [CoreGraphics+0x5ee3e]  _ZN21CGSDatagramReadStream33dispatch_next_main_queue_datagramEv+0x118
C  [CoreGraphics+0x5dd84]  _ZN21CGSDatagramReadStream22dispatch_next_datagramEv+0x2a
C  [CoreGraphics+0x5dd4a]  _ZN21CGSDatagramReadStream18dispatch_datagramsEv+0x32
C  [CoreGraphics+0x9ddba]  ___ZN21CGSDatagramReadStream24dispatch_datagrams_asyncEP16dispatch_queue_sPS__block_invoke+0x12
C  [libdispatch.dylib+0x5700]  _dispatch_call_block_and_release+0xc
C  [libdispatch.dylib+0x1e73]  _dispatch_client_callout+0x8
C  [libdispatch.dylib+0x12767]  _dispatch_main_queue_callback_4CF+0x35d
C  [CoreFoundation+0xb73f9]  __CFRUNLOOP_IS_SERVICING_THE_MAIN_DISPATCH_QUEUE__+0x9
C  [CoreFoundation+0x7268f]  __CFRunLoopRun+0x86f
C  [CoreFoundation+0x71bd8]  CFRunLoopRunSpecific+0x128
C  [HIToolbox+0x3256f]  RunCurrentEventLoopInMode+0xeb
C  [HIToolbox+0x322ea]  ReceiveNextEventCommon+0x1af
C  [HIToolbox+0x3212b]  _BlockUntilNextEventMatchingListInModeWithFilter+0x47
C  [AppKit+0x918ab]  _DPSNextEvent+0x3d2
C  [AppKit+0x90e58]  -[NSApplication nextEventMatchingMask:untilDate:inMode:dequeue:]+0x15a
C  [AppKit+0x86af3]  -[NSApplication run]+0x252
C  [libglass.dylib+0x651c]  -[GlassApplication runLoop:]+0x72c
C  [Foundation+0x92dd0]  __NSThreadPerformPerform+0x125
C  [CoreFoundation+0x80a01]  __CFRUNLOOP_IS_CALLING_OUT_TO_A_SOURCE0_PERFORM_FUNCTION__+0x11
C  [CoreFoundation+0x72b8d]  __CFRunLoopDoSources0+0x10d
C  [CoreFoundation+0x721bf]  __CFRunLoopRun+0x39f
C  [CoreFoundation+0x71bd8]  CFRunLoopRunSpecific+0x128
C  [java+0x6465]  CreateExecutionEnvironment+0x367
C  [java+0x218c]  JLI_Launch+0x7a0
C  [java+0x84c2]  main+0x65
C  [java+0x19e4]  start+0x34
C  0x0000000000000005


---------------  P R O C E S S  ---------------

Java Threads: ( => current thread )
  0x00007f852223e000 JavaThread "Prism Font Disposer" daemon [_thread_blocked, id=48903, stack(0x000000012073a000,0x000000012083a000)]
  0x00007f852221b800 JavaThread "Thread-4" daemon [_thread_in_native, id=36363, stack(0x000000011f1a2000,0x000000011f222000)]
=>0x00007f85230bc000 JavaThread "JavaFX Application Thread" [_thread_in_native, id=1811, stack(0x00007fff5cfa4000,0x00007fff5d7a4000)]
  0x00007f85230b5000 JavaThread "Thread-2" daemon [_thread_blocked, id=24339, stack(0x000000011c83f000,0x000000011c93f000)]
  0x00007f852305e800 JavaThread "QuantumRenderer-0" daemon [_thread_blocked, id=19715, stack(0x000000011bff2000,0x000000011c0f2000)]
  0x00007f8522053000 JavaThread "JavaFX-Launcher" [_thread_blocked, id=19203, stack(0x000000011beef000,0x000000011bfef000)]
  0x00007f8523818800 JavaThread "Service Thread" daemon [_thread_blocked, id=18179, stack(0x000000011bc16000,0x000000011bd16000)]
  0x00007f8522838800 JavaThread "C1 CompilerThread2" daemon [_thread_blocked, id=17667, stack(0x000000011bb13000,0x000000011bc13000)]
  0x00007f8523008000 JavaThread "C2 CompilerThread1" daemon [_thread_blocked, id=17155, stack(0x000000011ba10000,0x000000011bb10000)]
  0x00007f852380d000 JavaThread "C2 CompilerThread0" daemon [_thread_blocked, id=16643, stack(0x000000011b90d000,0x000000011ba0d000)]
  0x00007f8523809800 JavaThread "Signal Dispatcher" daemon [_thread_blocked, id=12567, stack(0x000000011b80a000,0x000000011b90a000)]
  0x00007f8523800000 JavaThread "Finalizer" daemon [_thread_blocked, id=11523, stack(0x0000000119df4000,0x0000000119ef4000)]
  0x00007f8522805800 JavaThread "Reference Handler" daemon [_thread_blocked, id=11011, stack(0x0000000119cf1000,0x0000000119df1000)]
  0x00007f852200e000 JavaThread "main" [_thread_blocked, id=4867, stack(0x0000000103da4000,0x0000000103ea4000)]

Other Threads:
  0x00007f8522027000 VMThread [stack: 0x0000000119bee000,0x0000000119cee000] [id=10499]
  0x00007f8522854800 WatcherThread [stack: 0x000000011bd19000,0x000000011be19000] [id=18691]

VM state:not at safepoint (normal execution)

VM Mutex/Monitor currently owned by a thread: None

Heap:
 PSYoungGen      total 24576K, used 18430K [0x0000000795580000, 0x0000000796e80000, 0x00000007c0000000)
  eden space 24064K, 75% used [0x0000000795580000,0x0000000796747810,0x0000000796d00000)
  from space 512K, 43% used [0x0000000796e00000,0x0000000796e38000,0x0000000796e80000)
  to   space 512K, 0% used [0x0000000796d80000,0x0000000796d80000,0x0000000796e00000)
 ParOldGen       total 87552K, used 68935K [0x0000000740000000, 0x0000000745580000, 0x0000000795580000)
  object space 87552K, 78% used [0x0000000740000000,0x0000000744351e40,0x0000000745580000)
 Metaspace       used 16375K, capacity 17216K, committed 17408K, reserved 1064960K
  class space    used 2036K, capacity 2234K, committed 2304K, reserved 1048576K

Card table byte_map: [0x0000000113266000,0x0000000113667000] byte_map_base: 0x000000010f866000

Marking Bits: (ParMarkBitMap*) 0x00000001036f1ea0
 Begin Bits: [0x0000000113d1e000, 0x0000000115d1e000)
 End Bits:   [0x0000000115d1e000, 0x0000000117d1e000)

Polling page: 0x00000001025b5000

CodeCache: size=245760Kb used=13445Kb max_used=13741Kb free=232315Kb
 bounds [0x0000000103ea6000, 0x0000000104c46000, 0x0000000112ea6000]
 total_blobs=4231 nmethods=3576 adapters=566
 compilation: enabled

Compilation events (10 events):
Event: 17845.757 Thread 0x00007f8522838800 4271       2       com.sun.glass.ui.Application::notifyRenderingFinished (1 bytes)
Event: 17845.757 Thread 0x00007f8522838800 nmethod 4271 0x0000000104477c10 code [0x0000000104477d60, 0x0000000104477eb0]
Event: 17945.980 Thread 0x00007f8522838800 4272       3       java.util.concurrent.locks.AbstractQueuedSynchronizer::acquireSharedInterruptibly (28 bytes)
Event: 17945.980 Thread 0x00007f8522838800 nmethod 4272 0x00000001045aa1d0 code [0x00000001045aa380, 0x00000001045aa7b8]
Event: 18303.819 Thread 0x00007f852380d000 4273       4       java.util.concurrent.locks.AbstractQueuedSynchronizer::enq (58 bytes)
Event: 18303.821 Thread 0x00007f852380d000 nmethod 4273 0x00000001045b7a10 code [0x00000001045b7b80, 0x00000001045b7d88]
Event: 18876.535 Thread 0x00007f852380d000 4274   !   4       javafx.scene.Scene$ScenePeerPaintListener::frameRendered (37 bytes)
Event: 18876.536 Thread 0x00007f852380d000 nmethod 4274 0x000000010443dc10 code [0x000000010443dd60, 0x000000010443dfd8]
Event: 19626.063 Thread 0x00007f8523008000 4275       4       java.util.concurrent.locks.AbstractQueuedSynchronizer$Node::predecessor (19 bytes)
Event: 19626.064 Thread 0x00007f8523008000 nmethod 4275 0x0000000104101150 code [0x00000001041012a0, 0x0000000104101318]

GC Heap History (10 events):
Event: 19983.978 GC heap before
{Heap before GC invocations=68 (full 0):
 PSYoungGen      total 25088K, used 24288K [0x0000000795580000, 0x0000000796f00000, 0x00000007c0000000)
  eden space 24064K, 100% used [0x0000000795580000,0x0000000796d00000,0x0000000796d00000)
  from space 1024K, 21% used [0x0000000796d00000,0x0000000796d38000,0x0000000796e00000)
  to   space 1024K, 0% used [0x0000000796e00000,0x0000000796e00000,0x0000000796f00000)
 ParOldGen       total 87552K, used 68151K [0x0000000740000000, 0x0000000745580000, 0x0000000795580000)
  object space 87552K, 77% used [0x0000000740000000,0x000000074428de40,0x0000000745580000)
 Metaspace       used 16375K, capacity 17216K, committed 17408K, reserved 1064960K
  class space    used 2036K, capacity 2234K, committed 2304K, reserved 1048576K
Event: 19983.979 GC heap after
Heap after GC invocations=68 (full 0):
 PSYoungGen      total 25088K, used 224K [0x0000000795580000, 0x0000000796f00000, 0x00000007c0000000)
  eden space 24064K, 0% used [0x0000000795580000,0x0000000795580000,0x0000000796d00000)
  from space 1024K, 21% used [0x0000000796e00000,0x0000000796e38000,0x0000000796f00000)
  to   space 1024K, 0% used [0x0000000796d00000,0x0000000796d00000,0x0000000796e00000)
 ParOldGen       total 87552K, used 68303K [0x0000000740000000, 0x0000000745580000, 0x0000000795580000)
  object space 87552K, 78% used [0x0000000740000000,0x00000007442b3e40,0x0000000745580000)
 Metaspace       used 16375K, capacity 17216K, committed 17408K, reserved 1064960K
  class space    used 2036K, capacity 2234K, committed 2304K, reserved 1048576K
}
Event: 20325.854 GC heap before
{Heap before GC invocations=69 (full 0):
 PSYoungGen      total 25088K, used 24288K [0x0000000795580000, 0x0000000796f00000, 0x00000007c0000000)
  eden space 24064K, 100% used [0x0000000795580000,0x0000000796d00000,0x0000000796d00000)
  from space 1024K, 21% used [0x0000000796e00000,0x0000000796e38000,0x0000000796f00000)
  to   space 1024K, 0% used [0x0000000796d00000,0x0000000796d00000,0x0000000796e00000)
 ParOldGen       total 87552K, used 68303K [0x0000000740000000, 0x0000000745580000, 0x0000000795580000)
  object space 87552K, 78% used [0x0000000740000000,0x00000007442b3e40,0x0000000745580000)
 Metaspace       used 16375K, capacity 17216K, committed 17408K, reserved 1064960K
  class space    used 2036K, capacity 2234K, committed 2304K, reserved 1048576K
Event: 20325.855 GC heap after
Heap after GC invocations=69 (full 0):
 PSYoungGen      total 25088K, used 224K [0x0000000795580000, 0x0000000796f00000, 0x00000007c0000000)
  eden space 24064K, 0% used [0x0000000795580000,0x0000000795580000,0x0000000796d00000)
  from space 1024K, 21% used [0x0000000796d00000,0x0000000796d38000,0x0000000796e00000)
  to   space 1024K, 0% used [0x0000000796e00000,0x0000000796e00000,0x0000000796f00000)
 ParOldGen       total 87552K, used 68463K [0x0000000740000000, 0x0000000745580000, 0x0000000795580000)
  object space 87552K, 78% used [0x0000000740000000,0x00000007442dbe40,0x0000000745580000)
 Metaspace       used 16375K, capacity 17216K, committed 17408K, reserved 1064960K
  class space    used 2036K, capacity 2234K, committed 2304K, reserved 1048576K
}
Event: 20656.341 GC heap before
{Heap before GC invocations=70 (full 0):
 PSYoungGen      total 25088K, used 24288K [0x0000000795580000, 0x0000000796f00000, 0x00000007c0000000)
  eden space 24064K, 100% used [0x0000000795580000,0x0000000796d00000,0x0000000796d00000)
  from space 1024K, 21% used [0x0000000796d00000,0x0000000796d38000,0x0000000796e00000)
  to   space 1024K, 0% used [0x0000000796e00000,0x0000000796e00000,0x0000000796f00000)
 ParOldGen       total 87552K, used 68463K [0x0000000740000000, 0x0000000745580000, 0x0000000795580000)
  object space 87552K, 78% used [0x0000000740000000,0x00000007442dbe40,0x0000000745580000)
 Metaspace       used 16375K, capacity 17216K, committed 17408K, reserved 1064960K
  class space    used 2036K, capacity 2234K, committed 2304K, reserved 1048576K
Event: 20656.342 GC heap after
Heap after GC invocations=70 (full 0):
 PSYoungGen      total 25088K, used 224K [0x0000000795580000, 0x0000000796f00000, 0x00000007c0000000)
  eden space 24064K, 0% used [0x0000000795580000,0x0000000795580000,0x0000000796d00000)
  from space 1024K, 21% used [0x0000000796e00000,0x0000000796e38000,0x0000000796f00000)
  to   space 1024K, 0% used [0x0000000796d00000,0x0000000796d00000,0x0000000796e00000)
 ParOldGen       total 87552K, used 68623K [0x0000000740000000, 0x0000000745580000, 0x0000000795580000)
  object space 87552K, 78% used [0x0000000740000000,0x0000000744303e40,0x0000000745580000)
 Metaspace       used 16375K, capacity 17216K, committed 17408K, reserved 1064960K
  class space    used 2036K, capacity 2234K, committed 2304K, reserved 1048576K
}
Event: 20981.675 GC heap before
{Heap before GC invocations=71 (full 0):
 PSYoungGen      total 25088K, used 24288K [0x0000000795580000, 0x0000000796f00000, 0x00000007c0000000)
  eden space 24064K, 100% used [0x0000000795580000,0x0000000796d00000,0x0000000796d00000)
  from space 1024K, 21% used [0x0000000796e00000,0x0000000796e38000,0x0000000796f00000)
  to   space 1024K, 0% used [0x0000000796d00000,0x0000000796d00000,0x0000000796e00000)
 ParOldGen       total 87552K, used 68623K [0x0000000740000000, 0x0000000745580000, 0x0000000795580000)
  object space 87552K, 78% used [0x0000000740000000,0x0000000744303e40,0x0000000745580000)
 Metaspace       used 16375K, capacity 17216K, committed 17408K, reserved 1064960K
  class space    used 2036K, capacity 2234K, committed 2304K, reserved 1048576K
Event: 20981.676 GC heap after
Heap after GC invocations=71 (full 0):
 PSYoungGen      total 25088K, used 224K [0x0000000795580000, 0x0000000796e80000, 0x00000007c0000000)
  eden space 24064K, 0% used [0x0000000795580000,0x0000000795580000,0x0000000796d00000)
  from space 1024K, 21% used [0x0000000796d00000,0x0000000796d38000,0x0000000796e00000)
  to   space 512K, 0% used [0x0000000796e00000,0x0000000796e00000,0x0000000796e80000)
 ParOldGen       total 87552K, used 68783K [0x0000000740000000, 0x0000000745580000, 0x0000000795580000)
  object space 87552K, 78% used [0x0000000740000000,0x000000074432be40,0x0000000745580000)
 Metaspace       used 16375K, capacity 17216K, committed 17408K, reserved 1064960K
  class space    used 2036K, capacity 2234K, committed 2304K, reserved 1048576K
}
Event: 21316.466 GC heap before
{Heap before GC invocations=72 (full 0):
 PSYoungGen      total 25088K, used 24288K [0x0000000795580000, 0x0000000796e80000, 0x00000007c0000000)
  eden space 24064K, 100% used [0x0000000795580000,0x0000000796d00000,0x0000000796d00000)
  from space 1024K, 21% used [0x0000000796d00000,0x0000000796d38000,0x0000000796e00000)
  to   space 512K, 0% used [0x0000000796e00000,0x0000000796e00000,0x0000000796e80000)
 ParOldGen       total 87552K, used 68783K [0x0000000740000000, 0x0000000745580000, 0x0000000795580000)
  object space 87552K, 78% used [0x0000000740000000,0x000000074432be40,0x0000000745580000)
 Metaspace       used 16375K, capacity 17216K, committed 17408K, reserved 1064960K
  class space    used 2036K, capacity 2234K, committed 2304K, reserved 1048576K
Event: 21316.467 GC heap after
Heap after GC invocations=72 (full 0):
 PSYoungGen      total 24576K, used 224K [0x0000000795580000, 0x0000000796e80000, 0x00000007c0000000)
  eden space 24064K, 0% used [0x0000000795580000,0x0000000795580000,0x0000000796d00000)
  from space 512K, 43% used [0x0000000796e00000,0x0000000796e38000,0x0000000796e80000)
  to   space 512K, 0% used [0x0000000796d80000,0x0000000796d80000,0x0000000796e00000)
 ParOldGen       total 87552K, used 68935K [0x0000000740000000, 0x0000000745580000, 0x0000000795580000)
  object space 87552K, 78% used [0x0000000740000000,0x0000000744351e40,0x0000000745580000)
 Metaspace       used 16375K, capacity 17216K, committed 17408K, reserved 1064960K
  class space    used 2036K, capacity 2234K, committed 2304K, reserved 1048576K
}

Deoptimization events (10 events):
Event: 8778.935 Thread 0x00007f85230bc000 Uncommon trap: reason=unstable_if action=reinterpret pc=0x00000001040ae010 method=sun.text.bidi.BidiBase.getDirProps()V @ 204
Event: 8778.935 Thread 0x00007f85230bc000 Uncommon trap: reason=unstable_if action=reinterpret pc=0x0000000104bf4f50 method=sun.text.bidi.BidiBase.setPara([CB[B)V @ 251
Event: 8778.935 Thread 0x00007f85230bc000 Uncommon trap: reason=unstable_if action=reinterpret pc=0x000000010450a024 method=sun.text.bidi.BidiBase.resolveExplicitLevels()B @ 28
Event: 8778.935 Thread 0x00007f85230bc000 Uncommon trap: reason=unstable_if action=reinterpret pc=0x00000001048d4f50 method=com.sun.javafx.text.GlyphLayout.breakRuns(Lcom/sun/javafx/text/PrismTextLayout;[CI)I @ 302
Event: 10315.391 Thread 0x00007f852221b800 Uncommon trap: reason=unstable_if action=reinterpret pc=0x0000000104018284 method=java.util.concurrent.locks.ReentrantLock$NonfairSync.lock()V @ 6
Event: 17632.920 Thread 0x00007f85230bc000 Uncommon trap: reason=unstable_if action=reinterpret pc=0x0000000104bbdf3c method=java.util.concurrent.CountDownLatch$Sync.tryAcquireShared(I)I @ 4
Event: 17641.913 Thread 0x00007f852305e800 Uncommon trap: reason=unstable_if action=reinterpret pc=0x0000000104438e88 method=java.util.concurrent.locks.AbstractQueuedSynchronizer.doReleaseShared()V @ 6
Event: 17641.913 Thread 0x00007f85230bc000 Uncommon trap: reason=unstable_if action=reinterpret pc=0x0000000104bd9ed0 method=java.util.concurrent.locks.AbstractQueuedSynchronizer.doReleaseShared()V @ 6
Event: 17699.841 Thread 0x00007f852305e800 Uncommon trap: reason=unstable_if action=reinterpret pc=0x000000010469add0 method=java.util.concurrent.locks.AbstractQueuedSynchronizer.doReleaseShared()V @ 6
Event: 17805.313 Thread 0x00007f85230bc000 Uncommon trap: reason=unstable_if action=reinterpret pc=0x0000000104b98b5c method=java.util.concurrent.CountDownLatch$Sync.tryAcquireShared(I)I @ 4

Internal exceptions (10 events):
Event: 0.090 Thread 0x00007f852200e000 Exception <a 'java/security/PrivilegedActionException'> (0x00000007956dfc20) thrown at [/Users/java_re/workspace/8-2-build-macosx-x86_64/jdk8u131/8869/hotspot/src/share/vm/prims/jvm.cpp, line 1390]
Event: 0.127 Thread 0x00007f852200e000 Exception <a 'java/lang/NoSuchFieldError': method resolution failed> (0x00000007957fc388) thrown at [/Users/java_re/workspace/8-2-build-macosx-x86_64/jdk8u131/8869/hotspot/src/share/vm/prims/methodHandles.cpp, line 1146]
Event: 0.128 Thread 0x00007f852200e000 Exception <a 'java/lang/NoSuchFieldError': method resolution failed> (0x0000000795809708) thrown at [/Users/java_re/workspace/8-2-build-macosx-x86_64/jdk8u131/8869/hotspot/src/share/vm/prims/methodHandles.cpp, line 1146]
Event: 0.145 Thread 0x00007f8522053000 Exception <a 'java/security/PrivilegedActionException'> (0x00000007958dd880) thrown at [/Users/java_re/workspace/8-2-build-macosx-x86_64/jdk8u131/8869/hotspot/src/share/vm/prims/jvm.cpp, line 1390]
Event: 0.145 Thread 0x00007f8522053000 Exception <a 'java/security/PrivilegedActionException'> (0x00000007958dda90) thrown at [/Users/java_re/workspace/8-2-build-macosx-x86_64/jdk8u131/8869/hotspot/src/share/vm/prims/jvm.cpp, line 1390]
Event: 0.145 Thread 0x00007f8522053000 Exception <a 'java/security/PrivilegedActionException'> (0x00000007958e0dc0) thrown at [/Users/java_re/workspace/8-2-build-macosx-x86_64/jdk8u131/8869/hotspot/src/share/vm/prims/jvm.cpp, line 1390]
Event: 0.145 Thread 0x00007f8522053000 Exception <a 'java/security/PrivilegedActionException'> (0x00000007958e0fd0) thrown at [/Users/java_re/workspace/8-2-build-macosx-x86_64/jdk8u131/8869/hotspot/src/share/vm/prims/jvm.cpp, line 1390]
Event: 0.145 Thread 0x00007f8522053000 Exception <a 'java/lang/NullPointerException'> (0x00000007958e2c38) thrown at [/Users/java_re/workspace/8-2-build-macosx-x86_64/jdk8u131/8869/hotspot/src/share/vm/interpreter/linkResolver.cpp, line 1197]
Event: 0.442 Thread 0x00007f85230bc000 Exception <a 'java/lang/NullPointerException'> (0x0000000796249770) thrown at [/Users/java_re/workspace/8-2-build-macosx-x86_64/jdk8u131/8869/hotspot/src/share/vm/interpreter/linkResolver.cpp, line 1197]
Event: 0.442 Thread 0x00007f85230bc000 Exception <a 'java/lang/NullPointerException'> (0x0000000796249770) thrown at [/Users/java_re/workspace/8-2-build-macosx-x86_64/jdk8u131/8869/hotspot/src/share/vm/prims/jvm.cpp, line 1394]

Events (10 events):
Event: 19983.978 Executing VM operation: ParallelGCFailedAllocation
Event: 19983.979 Executing VM operation: ParallelGCFailedAllocation done
Event: 20325.854 Executing VM operation: ParallelGCFailedAllocation
Event: 20325.855 Executing VM operation: ParallelGCFailedAllocation done
Event: 20656.341 Executing VM operation: ParallelGCFailedAllocation
Event: 20656.342 Executing VM operation: ParallelGCFailedAllocation done
Event: 20981.675 Executing VM operation: ParallelGCFailedAllocation
Event: 20981.676 Executing VM operation: ParallelGCFailedAllocation done
Event: 21316.465 Executing VM operation: ParallelGCFailedAllocation
Event: 21316.467 Executing VM operation: ParallelGCFailedAllocation done


Dynamic libraries:
0x000000000b5a3000 	/System/Library/Frameworks/Cocoa.framework/Versions/A/Cocoa
0x000000000b5a3000 	/System/Library/Frameworks/Security.framework/Versions/A/Security
0x000000000b5a3000 	/System/Library/Frameworks/ApplicationServices.framework/Versions/A/ApplicationServices
0x000000000b5a3000 	/usr/lib/libz.1.dylib
0x000000000b5a3000 	/usr/lib/libSystem.B.dylib
0x000000000b5a3000 	/usr/lib/libobjc.A.dylib
0x000000000b5a3000 	/System/Library/Frameworks/CoreFoundation.framework/Versions/A/CoreFoundation
0x000000000b5a3000 	/System/Library/Frameworks/Foundation.framework/Versions/C/Foundation
0x000000000b5a3000 	/System/Library/Frameworks/AppKit.framework/Versions/C/AppKit
0x000000000b5a3000 	/System/Library/Frameworks/CoreData.framework/Versions/A/CoreData
0x000000000b5a3000 	/System/Library/PrivateFrameworks/RemoteViewServices.framework/Versions/A/RemoteViewServices
0x000000000b5a3000 	/System/Library/PrivateFrameworks/UIFoundation.framework/Versions/A/UIFoundation
0x000000000b5a3000 	/System/Library/Frameworks/IOSurface.framework/Versions/A/IOSurface
0x000000000b5a3000 	/System/Library/Frameworks/AudioToolbox.framework/Versions/A/AudioToolbox
0x000000000b5a3000 	/System/Library/Frameworks/AudioUnit.framework/Versions/A/AudioUnit
0x000000000b5a3000 	/System/Library/PrivateFrameworks/DataDetectorsCore.framework/Versions/A/DataDetectorsCore
0x000000000b5a3000 	/System/Library/PrivateFrameworks/DesktopServicesPriv.framework/Versions/A/DesktopServicesPriv
0x000000000b5a3000 	/System/Library/Frameworks/Carbon.framework/Versions/A/Frameworks/HIToolbox.framework/Versions/A/HIToolbox
0x000000000b5a3000 	/System/Library/Frameworks/QuartzCore.framework/Versions/A/QuartzCore
0x000000000b5a3000 	/System/Library/Frameworks/Carbon.framework/Versions/A/Frameworks/SpeechRecognition.framework/Versions/A/SpeechRecognition
0x000000000b5a3000 	/usr/lib/libauto.dylib
0x000000000b5a3000 	/usr/lib/libicucore.A.dylib
0x000000000b5a3000 	/usr/lib/libxml2.2.dylib
0x000000000b5a3000 	/System/Library/PrivateFrameworks/CoreUI.framework/Versions/A/CoreUI
0x000000000b5a3000 	/System/Library/Frameworks/CoreAudio.framework/Versions/A/CoreAudio
0x000000000b5a3000 	/System/Library/Frameworks/DiskArbitration.framework/Versions/A/DiskArbitration
0x000000000b5a3000 	/usr/lib/liblangid.dylib
0x000000000b5a3000 	/System/Library/PrivateFrameworks/MultitouchSupport.framework/Versions/A/MultitouchSupport
0x000000000b5a3000 	/System/Library/Frameworks/IOKit.framework/Versions/A/IOKit
0x000000000b5a3000 	/usr/lib/libDiagnosticMessagesClient.dylib
0x000000000b5a3000 	/System/Library/Frameworks/CoreServices.framework/Versions/A/CoreServices
0x000000000b5a3000 	/System/Library/PrivateFrameworks/PerformanceAnalysis.framework/Versions/A/PerformanceAnalysis
0x000000000b5a3000 	/System/Library/PrivateFrameworks/GenerationalStorage.framework/Versions/A/GenerationalStorage
0x000000000b5a3000 	/System/Library/Frameworks/OpenGL.framework/Versions/A/OpenGL
0x000000000b5a3000 	/System/Library/PrivateFrameworks/Sharing.framework/Versions/A/Sharing
0x000000000b5a3000 	/System/Library/Frameworks/CoreGraphics.framework/Versions/A/CoreGraphics
0x000000000b5a3000 	/System/Library/Frameworks/CoreText.framework/Versions/A/CoreText
0x000000000b5a3000 	/System/Library/Frameworks/ImageIO.framework/Versions/A/ImageIO
0x000000000b5a3000 	/usr/lib/libextension.dylib
0x000000000b5a3000 	/System/Library/PrivateFrameworks/Backup.framework/Versions/A/Backup
0x000000000b5a3000 	/usr/lib/libarchive.2.dylib
0x000000000b5a3000 	/System/Library/Frameworks/CFNetwork.framework/Versions/A/CFNetwork
0x000000000b5a3000 	/System/Library/Frameworks/SystemConfiguration.framework/Versions/A/SystemConfiguration
0x000000000b5a3000 	/usr/lib/libCRFSuite.dylib
0x000000000b5a3000 	/usr/lib/libc++.1.dylib
0x000000000b5a3000 	/usr/lib/libc++abi.dylib
0x000000000b5a3000 	/usr/lib/system/libcache.dylib
0x000000000b5a3000 	/usr/lib/system/libcommonCrypto.dylib
0x000000000b5a3000 	/usr/lib/system/libcompiler_rt.dylib
0x000000000b5a3000 	/usr/lib/system/libcopyfile.dylib
0x000000000b5a3000 	/usr/lib/system/libcorecrypto.dylib
0x000000000b5a3000 	/usr/lib/system/libdispatch.dylib
0x000000000b5a3000 	/usr/lib/system/libdyld.dylib
0x000000000b5a3000 	/usr/lib/system/libkeymgr.dylib
0x000000000b5a3000 	/usr/lib/system/liblaunch.dylib
0x000000000b5a3000 	/usr/lib/system/libmacho.dylib
0x000000000b5a3000 	/usr/lib/system/libquarantine.dylib
0x000000000b5a3000 	/usr/lib/system/libremovefile.dylib
0x000000000b5a3000 	/usr/lib/system/libsystem_asl.dylib
0x000000000b5a3000 	/usr/lib/system/libsystem_blocks.dylib
0x000000000b5a3000 	/usr/lib/system/libsystem_c.dylib
0x000000000b5a3000 	/usr/lib/system/libsystem_configuration.dylib
0x000000000b5a3000 	/usr/lib/system/libsystem_coreservices.dylib
0x000000000b5a3000 	/usr/lib/system/libsystem_coretls.dylib
0x000000000b5a3000 	/usr/lib/system/libsystem_dnssd.dylib
0x000000000b5a3000 	/usr/lib/system/libsystem_info.dylib
0x000000000b5a3000 	/usr/lib/system/libsystem_kernel.dylib
0x000000000b5a3000 	/usr/lib/system/libsystem_m.dylib
0x000000000b5a3000 	/usr/lib/system/libsystem_malloc.dylib
0x000000000b5a3000 	/usr/lib/system/libsystem_network.dylib
0x000000000b5a3000 	/usr/lib/system/libsystem_networkextension.dylib
0x000000000b5a3000 	/usr/lib/system/libsystem_notify.dylib
0x000000000b5a3000 	/usr/lib/system/libsystem_platform.dylib
0x000000000b5a3000 	/usr/lib/system/libsystem_pthread.dylib
0x000000000b5a3000 	/usr/lib/system/libsystem_sandbox.dylib
0x000000000b5a3000 	/usr/lib/system/libsystem_secinit.dylib
0x000000000b5a3000 	/usr/lib/system/libsystem_stats.dylib
0x000000000b5a3000 	/usr/lib/system/libsystem_trace.dylib
0x000000000b5a3000 	/usr/lib/system/libunc.dylib
0x000000000b5a3000 	/usr/lib/system/libunwind.dylib
0x000000000b5a3000 	/usr/lib/system/libxpc.dylib
0x000000000b5a3000 	/usr/lib/libbz2.1.0.dylib
0x000000000b5a3000 	/usr/lib/liblzma.5.dylib
0x000000000b5a3000 	/usr/lib/libbsm.0.dylib
0x000000000b5a3000 	/usr/lib/libsqlite3.dylib
0x000000000b5a3000 	/usr/lib/system/libkxld.dylib
0x000000000b5a3000 	/usr/lib/libxar.1.dylib
0x000000000b5a3000 	/usr/lib/libpam.2.dylib
0x000000000b5a3000 	/usr/lib/libOpenScriptingUtil.dylib
0x000000000b5a3000 	/System/Library/Frameworks/CoreServices.framework/Versions/A/Frameworks/FSEvents.framework/Versions/A/FSEvents
0x000000000b5a3000 	/System/Library/Frameworks/CoreServices.framework/Versions/A/Frameworks/CarbonCore.framework/Versions/A/CarbonCore
0x000000000b5a3000 	/System/Library/Frameworks/CoreServices.framework/Versions/A/Frameworks/Metadata.framework/Versions/A/Metadata
0x000000000b5a3000 	/System/Library/Frameworks/CoreServices.framework/Versions/A/Frameworks/OSServices.framework/Versions/A/OSServices
0x000000000b5a3000 	/System/Library/Frameworks/CoreServices.framework/Versions/A/Frameworks/SearchKit.framework/Versions/A/SearchKit
0x000000000b5a3000 	/System/Library/Frameworks/CoreServices.framework/Versions/A/Frameworks/AE.framework/Versions/A/AE
0x000000000b5a3000 	/System/Library/Frameworks/CoreServices.framework/Versions/A/Frameworks/LaunchServices.framework/Versions/A/LaunchServices
0x000000000b5a3000 	/System/Library/Frameworks/CoreServices.framework/Versions/A/Frameworks/DictionaryServices.framework/Versions/A/DictionaryServices
0x000000000b5a3000 	/System/Library/Frameworks/NetFS.framework/Versions/A/NetFS
0x000000000b5a3000 	/System/Library/PrivateFrameworks/NetAuth.framework/Versions/A/NetAuth
0x000000000b5a3000 	/System/Library/PrivateFrameworks/login.framework/Versions/A/Frameworks/loginsupport.framework/Versions/A/loginsupport
0x000000000b5a3000 	/System/Library/PrivateFrameworks/TCC.framework/Versions/A/TCC
0x000000000b5a3000 	/usr/lib/libmecabra.dylib
0x000000000b5a3000 	/System/Library/Frameworks/ApplicationServices.framework/Versions/A/Frameworks/ATS.framework/Versions/A/ATS
0x000000000b5a3000 	/System/Library/Frameworks/ApplicationServices.framework/Versions/A/Frameworks/ColorSync.framework/Versions/A/ColorSync
0x000000000b5a3000 	/System/Library/Frameworks/ApplicationServices.framework/Versions/A/Frameworks/HIServices.framework/Versions/A/HIServices
0x000000000b5a3000 	/System/Library/Frameworks/ApplicationServices.framework/Versions/A/Frameworks/LangAnalysis.framework/Versions/A/LangAnalysis
0x000000000b5a3000 	/System/Library/Frameworks/ApplicationServices.framework/Versions/A/Frameworks/PrintCore.framework/Versions/A/PrintCore
0x000000000b5a3000 	/System/Library/Frameworks/ApplicationServices.framework/Versions/A/Frameworks/QD.framework/Versions/A/QD
0x000000000b5a3000 	/System/Library/Frameworks/ApplicationServices.framework/Versions/A/Frameworks/SpeechSynthesis.framework/Versions/A/SpeechSynthesis
0x000000000b5a3000 	/System/Library/Frameworks/Accelerate.framework/Versions/A/Accelerate
0x000000000b5a3000 	/System/Library/Frameworks/Accelerate.framework/Versions/A/Frameworks/vImage.framework/Versions/A/vImage
0x000000000b5a3000 	/System/Library/Frameworks/Accelerate.framework/Versions/A/Frameworks/vecLib.framework/Versions/A/vecLib
0x000000000b5a3000 	/System/Library/Frameworks/Accelerate.framework/Versions/A/Frameworks/vecLib.framework/Versions/A/libvDSP.dylib
0x000000000b5a3000 	/System/Library/Frameworks/Accelerate.framework/Versions/A/Frameworks/vecLib.framework/Versions/A/libvMisc.dylib
0x000000000b5a3000 	/System/Library/Frameworks/Accelerate.framework/Versions/A/Frameworks/vecLib.framework/Versions/A/libLAPACK.dylib
0x000000000b5a3000 	/System/Library/Frameworks/Accelerate.framework/Versions/A/Frameworks/vecLib.framework/Versions/A/libBLAS.dylib
0x000000000b5a3000 	/System/Library/Frameworks/Accelerate.framework/Versions/A/Frameworks/vecLib.framework/Versions/A/libLinearAlgebra.dylib
0x000000000b5a3000 	/System/Library/Frameworks/ApplicationServices.framework/Versions/A/Frameworks/ATS.framework/Versions/A/Resources/libFontParser.dylib
0x000000000b5a3000 	/System/Library/Frameworks/ApplicationServices.framework/Versions/A/Frameworks/ATS.framework/Versions/A/Resources/libFontRegistry.dylib
0x000000000b5a3000 	/System/Library/PrivateFrameworks/AppleVPA.framework/Versions/A/AppleVPA
0x000000000b5a3000 	/System/Library/PrivateFrameworks/AppleJPEG.framework/Versions/A/AppleJPEG
0x000000000b5a3000 	/System/Library/Frameworks/ImageIO.framework/Versions/A/Resources/libJPEG.dylib
0x000000000b5a3000 	/System/Library/Frameworks/ImageIO.framework/Versions/A/Resources/libTIFF.dylib
0x000000000b5a3000 	/System/Library/Frameworks/ImageIO.framework/Versions/A/Resources/libPng.dylib
0x000000000b5a3000 	/System/Library/Frameworks/ImageIO.framework/Versions/A/Resources/libGIF.dylib
0x000000000b5a3000 	/System/Library/Frameworks/ImageIO.framework/Versions/A/Resources/libJP2.dylib
0x000000000b5a3000 	/System/Library/Frameworks/ImageIO.framework/Versions/A/Resources/libRadiance.dylib
0x000000000b5a3000 	/System/Library/Frameworks/CoreVideo.framework/Versions/A/CoreVideo
0x000000000b5a3000 	/System/Library/Frameworks/OpenGL.framework/Versions/A/Libraries/libGLU.dylib
0x000000000b5a3000 	/System/Library/Frameworks/OpenGL.framework/Versions/A/Libraries/libGFXShared.dylib
0x000000000b5a3000 	/System/Library/Frameworks/OpenGL.framework/Versions/A/Libraries/libGL.dylib
0x000000000b5a3000 	/System/Library/Frameworks/OpenGL.framework/Versions/A/Libraries/libGLImage.dylib
0x000000000b5a3000 	/System/Library/Frameworks/OpenGL.framework/Versions/A/Libraries/libCVMSPluginSupport.dylib
0x000000000b5a3000 	/System/Library/Frameworks/OpenGL.framework/Versions/A/Libraries/libCoreVMClient.dylib
0x000000000b5a3000 	/usr/lib/libcups.2.dylib
0x000000000b5a3000 	/System/Library/Frameworks/Kerberos.framework/Versions/A/Kerberos
0x000000000b5a3000 	/System/Library/Frameworks/GSS.framework/Versions/A/GSS
0x000000000b5a3000 	/usr/lib/libresolv.9.dylib
0x000000000b5a3000 	/usr/lib/libiconv.2.dylib
0x000000000b5a3000 	/System/Library/PrivateFrameworks/Heimdal.framework/Versions/A/Heimdal
0x000000000b5a3000 	/usr/lib/libheimdal-asn1.dylib
0x000000000b5a3000 	/System/Library/Frameworks/OpenDirectory.framework/Versions/A/OpenDirectory
0x000000000b5a3000 	/System/Library/PrivateFrameworks/CommonAuth.framework/Versions/A/CommonAuth
0x000000000b5a3000 	/System/Library/Frameworks/OpenDirectory.framework/Versions/A/Frameworks/CFOpenDirectory.framework/Versions/A/CFOpenDirectory
0x000000000b5a3000 	/System/Library/Frameworks/SecurityFoundation.framework/Versions/A/SecurityFoundation
0x000000000b5a3000 	/System/Library/PrivateFrameworks/LanguageModeling.framework/Versions/A/LanguageModeling
0x000000000b5a3000 	/usr/lib/libcmph.dylib
0x000000000b5a3000 	/System/Library/Frameworks/ServiceManagement.framework/Versions/A/ServiceManagement
0x000000000b5a3000 	/usr/lib/libxslt.1.dylib
0x000000000b5a3000 	/System/Library/Frameworks/Carbon.framework/Versions/A/Frameworks/Ink.framework/Versions/A/Ink
0x000000000b5a3000 	/System/Library/Frameworks/QuartzCore.framework/Versions/A/Frameworks/CoreImage.framework/Versions/A/CoreImage
0x000000000b5a3000 	/System/Library/PrivateFrameworks/CrashReporterSupport.framework/Versions/A/CrashReporterSupport
0x000000000b5a3000 	/System/Library/Frameworks/OpenCL.framework/Versions/A/OpenCL
0x000000000b5a3000 	/System/Library/PrivateFrameworks/FaceCore.framework/Versions/A/FaceCore
0x000000000b5a3000 	/System/Library/PrivateFrameworks/Ubiquity.framework/Versions/A/Ubiquity
0x000000000b5a3000 	/System/Library/PrivateFrameworks/IconServices.framework/Versions/A/IconServices
0x000000000b5a3000 	/System/Library/PrivateFrameworks/ChunkingLibrary.framework/Versions/A/ChunkingLibrary
0x000000000b5a3000 	/System/Library/PrivateFrameworks/Apple80211.framework/Versions/A/Apple80211
0x000000000b5a3000 	/System/Library/Frameworks/CoreWLAN.framework/Versions/A/CoreWLAN
0x000000000b5a3000 	/System/Library/Frameworks/IOBluetooth.framework/Versions/A/IOBluetooth
0x000000000b5a3000 	/System/Library/PrivateFrameworks/CoreWiFi.framework/Versions/A/CoreWiFi
0x000000000b5a3000 	/System/Library/Frameworks/CoreBluetooth.framework/Versions/A/CoreBluetooth
0x000000000b5a3000 	/System/Library/PrivateFrameworks/DebugSymbols.framework/Versions/A/DebugSymbols
0x000000000b5a3000 	/System/Library/PrivateFrameworks/CoreSymbolication.framework/Versions/A/CoreSymbolication
0x000000000b5a3000 	/System/Library/PrivateFrameworks/Symbolication.framework/Versions/A/Symbolication
0x000000000b5a3000 	/System/Library/PrivateFrameworks/SpeechRecognitionCore.framework/Versions/A/SpeechRecognitionCore
0x0000000102e00000 	/Library/Java/JavaVirtualMachines/jdk1.8.0_131.jdk/Contents/Home/jre/lib/server/libjvm.dylib
0x000000000b5a3000 	/usr/lib/libstdc++.6.dylib
0x0000000102572000 	/Library/Java/JavaVirtualMachines/jdk1.8.0_131.jdk/Contents/Home/jre/lib/libverify.dylib
0x0000000102580000 	/Library/Java/JavaVirtualMachines/jdk1.8.0_131.jdk/Contents/Home/jre/lib/libjava.dylib
0x00000001025bf000 	/Library/Java/JavaVirtualMachines/jdk1.8.0_131.jdk/Contents/Home/jre/lib/libzip.dylib
0x0000000119ef6000 	/System/Library/Frameworks/JavaVM.framework/Frameworks/JavaRuntimeSupport.framework/JavaRuntimeSupport
0x0000000119f0e000 	/System/Library/Frameworks/JavaVM.framework/Versions/A/Frameworks/JavaNativeFoundation.framework/Versions/A/JavaNativeFoundation
0x00000001025f1000 	/System/Library/Frameworks/JavaVM.framework/Versions/A/JavaVM
0x000000000b5a3000 	/System/Library/Frameworks/Carbon.framework/Versions/A/Carbon
0x0000000119f23000 	/System/Library/PrivateFrameworks/JavaLaunching.framework/Versions/A/JavaLaunching
0x000000000b5a3000 	/System/Library/Frameworks/Carbon.framework/Versions/A/Frameworks/CommonPanels.framework/Versions/A/CommonPanels
0x000000000b5a3000 	/System/Library/Frameworks/Carbon.framework/Versions/A/Frameworks/Help.framework/Versions/A/Help
0x000000000b5a3000 	/System/Library/Frameworks/Carbon.framework/Versions/A/Frameworks/ImageCapture.framework/Versions/A/ImageCapture
0x000000000b5a3000 	/System/Library/Frameworks/Carbon.framework/Versions/A/Frameworks/OpenScripting.framework/Versions/A/OpenScripting
0x000000000b5a3000 	/System/Library/Frameworks/Carbon.framework/Versions/A/Frameworks/Print.framework/Versions/A/Print
0x000000000b5a3000 	/System/Library/Frameworks/Carbon.framework/Versions/A/Frameworks/SecurityHI.framework/Versions/A/SecurityHI
0x000000011c0f4000 	/Library/Java/JavaVirtualMachines/jdk1.8.0_131.jdk/Contents/Home/jre/lib/libprism_es2.dylib
0x000000000b5a3000 	/System/Library/Frameworks/OpenGL.framework/Versions/A/Resources/GLEngine.bundle/GLEngine
0x000000000b5a3000 	/System/Library/Frameworks/OpenGL.framework/Versions/A/Libraries/libGLProgrammability.dylib
0x0000000000000000 	/System/Library/Extensions/GeForceGLDriver.bundle/Contents/MacOS/GeForceGLDriver
0x000000000b5a3000 	/System/Library/Extensions/GeForceGLDriver.bundle/Contents/MacOS/libclh.dylib
0x000000000b5a3000 	/System/Library/PrivateFrameworks/IOAccelerator.framework/Versions/A/IOAccelerator
0x000000000b5a3000 	/System/Library/PrivateFrameworks/GPUSupport.framework/Versions/A/Libraries/libGPUSupportMercury.dylib
0x000000000b5a3000 	/System/Library/Frameworks/OpenGL.framework/Versions/A/Resources/GLRendererFloat.bundle/GLRendererFloat
0x000000000b5a3000 	/System/Library/Frameworks/OpenCL.framework/Versions/A/Libraries/libcldcpuengine.dylib
0x000000000b5a3000 	/System/Library/PrivateFrameworks/DiskImages.framework/Versions/A/DiskImages
0x000000000b5a3000 	/System/Library/Frameworks/DiscRecording.framework/Versions/A/DiscRecording
0x000000000b5a3000 	/usr/lib/libcsfde.dylib
0x000000000b5a3000 	/usr/lib/libcurl.4.dylib
0x000000000b5a3000 	/System/Library/PrivateFrameworks/MediaKit.framework/Versions/A/MediaKit
0x000000000b5a3000 	/System/Library/PrivateFrameworks/ProtectedCloudStorage.framework/Versions/A/ProtectedCloudStorage
0x000000000b5a3000 	/usr/lib/libCoreStorage.dylib
0x000000000b5a3000 	/System/Library/PrivateFrameworks/EFILogin.framework/Versions/A/EFILogin
0x000000000b5a3000 	/usr/lib/libutil.dylib
0x000000000b5a3000 	/System/Library/PrivateFrameworks/FindMyDevice.framework/Versions/A/FindMyDevice
0x000000000b5a3000 	/System/Library/Frameworks/LDAP.framework/Versions/A/LDAP
0x000000000b5a3000 	/usr/lib/libsasl2.2.dylib
0x000000000b5a3000 	/System/Library/PrivateFrameworks/CoreDaemon.framework/Versions/B/CoreDaemon
0x000000000b5a3000 	/usr/lib/libcrypto.0.9.8.dylib
0x000000000b5a3000 	/System/Library/PrivateFrameworks/AppleSRP.framework/Versions/A/AppleSRP
0x000000000b5a3000 	/System/Library/PrivateFrameworks/TrustEvaluationAgent.framework/Versions/A/TrustEvaluationAgent
0x000000011c7df000 	/Library/Java/JavaVirtualMachines/jdk1.8.0_131.jdk/Contents/Home/jre/lib/libglass.dylib
0x000000000b5a3000 	/System/Library/PrivateFrameworks/CoreServicesInternal.framework/Versions/A/CoreServicesInternal
0x000000000b5a3000 	/System/Library/PrivateFrameworks/CloudDocs.framework/Versions/A/CloudDocs
0x000000000b5a3000 	/System/Library/PrivateFrameworks/CoreDuet.framework/Versions/A/CoreDuet
0x000000000b5a3000 	/System/Library/Frameworks/CloudKit.framework/Versions/A/CloudKit
0x000000000b5a3000 	/System/Library/PrivateFrameworks/ProtocolBuffer.framework/Versions/A/ProtocolBuffer
0x000000000b5a3000 	/System/Library/PrivateFrameworks/CoreDuetDaemonProtocol.framework/Versions/A/CoreDuetDaemonProtocol
0x000000000b5a3000 	/System/Library/PrivateFrameworks/CoreDuetDebugLogging.framework/Versions/A/CoreDuetDebugLogging
0x000000000b5a3000 	/System/Library/PrivateFrameworks/MMCS.framework/Versions/A/MMCS
0x000000000b5a3000 	/System/Library/Frameworks/CoreLocation.framework/Versions/A/CoreLocation
0x000000000b5a3000 	/System/Library/PrivateFrameworks/GeoServices.framework/Versions/A/GeoServices
0x000000000b5a3000 	/System/Library/Frameworks/CoreGraphics.framework/Versions/A/Resources/libCGCMS.A.dylib
0x000000000b5a3000 	/System/Library/CoreServices/RawCamera.bundle/Contents/MacOS/RawCamera
0x000000000b5a3000 	/System/Library/Frameworks/CoreGraphics.framework/Versions/A/Resources/libRIP.A.dylib
0x000000000b5a3000 	/System/Library/PrivateFrameworks/FamilyControls.framework/Versions/A/FamilyControls
0x000000000b5a3000 	/System/Library/PrivateFrameworks/CommerceKit.framework/Versions/A/Frameworks/CommerceCore.framework/Versions/A/CommerceCore
0x000000000b5a3000 	/System/Library/PrivateFrameworks/SystemAdministration.framework/Versions/A/SystemAdministration
0x000000000b5a3000 	/System/Library/PrivateFrameworks/AppContainer.framework/Versions/A/AppContainer
0x000000000b5a3000 	/System/Library/PrivateFrameworks/SecCodeWrapper.framework/Versions/A/SecCodeWrapper
0x000000000b5a3000 	/System/Library/Frameworks/DirectoryService.framework/Versions/A/DirectoryService
0x000000000b5a3000 	/System/Library/PrivateFrameworks/LoginUIKit.framework/Versions/A/Frameworks/LoginUICore.framework/Versions/A/LoginUICore
0x000000000b5a3000 	/usr/lib/libodfde.dylib
0x0000000120430000 	/Library/Java/JavaVirtualMachines/jdk1.8.0_131.jdk/Contents/Home/jre/lib/libjavafx_font.dylib
0x000000012043a000 	/Library/Java/JavaVirtualMachines/jdk1.8.0_131.jdk/Contents/Home/jre/lib/libnio.dylib
0x000000012044a000 	/Library/Java/JavaVirtualMachines/jdk1.8.0_131.jdk/Contents/Home/jre/lib/./libnet.dylib
0x000000000b5a3000 	/System/Library/Frameworks/CoreGraphics.framework/Versions/A/Resources/libCGXType.A.dylib
0x000000012310b000 	cl_kernels
0x000000012310d000 	/System/Library/Frameworks/OpenCL.framework/Versions/A/Libraries/ImageFormats/unorm8_bgra.dylib
0x00000001230fc000 	cl_kernels
0x0000000121700000 	/Library/Java/JavaVirtualMachines/jdk1.8.0_131.jdk/Contents/Home/jre/lib/libprism_common.dylib

VM Arguments:
jvm_args: -Dfile.encoding=UTF-8 
java_command: PuzzleMain
java_class_path (initial): /Users/CharlieLu/OneDrive - UNSW/COMP2911/GITHUB VERSION_USUALLY MOST UPDATED CODE/cs2911-project/ProjectGameDemo/bin
Launcher Type: SUN_STANDARD

Environment Variables:
PATH=/usr/bin:/bin:/usr/sbin:/sbin
SHELL=/bin/bash

Signal Handlers:
SIGSEGV: [libjvm.dylib+0x5b1eb1], sa_mask[0]=11111111011111110111111111111111, sa_flags=SA_ONSTACK|SA_RESTART|SA_SIGINFO
SIGBUS: [libjvm.dylib+0x5b1eb1], sa_mask[0]=11111111011111110111111111111111, sa_flags=SA_RESTART|SA_SIGINFO
SIGFPE: [libjvm.dylib+0x488988], sa_mask[0]=11111111011111110111111111111111, sa_flags=SA_RESTART|SA_SIGINFO
SIGPIPE: [libjvm.dylib+0x488988], sa_mask[0]=11111111011111110111111111111111, sa_flags=SA_RESTART|SA_SIGINFO
SIGXFSZ: [libjvm.dylib+0x488988], sa_mask[0]=11111111011111110111111111111111, sa_flags=SA_RESTART|SA_SIGINFO
SIGILL: [libjvm.dylib+0x488988], sa_mask[0]=11111111011111110111111111111111, sa_flags=SA_RESTART|SA_SIGINFO
SIGUSR1: SIG_DFL, sa_mask[0]=00000000000000000000000000000000, sa_flags=none
SIGUSR2: [libjvm.dylib+0x4884a6], sa_mask[0]=00100000000000000000000000000000, sa_flags=SA_RESTART|SA_SIGINFO
SIGHUP: [libjvm.dylib+0x486a7d], sa_mask[0]=11111111011111110111111111111111, sa_flags=SA_RESTART|SA_SIGINFO
SIGINT: [libjvm.dylib+0x486a7d], sa_mask[0]=11111111011111110111111111111111, sa_flags=SA_RESTART|SA_SIGINFO
SIGTERM: [libjvm.dylib+0x486a7d], sa_mask[0]=11111111011111110111111111111111, sa_flags=SA_RESTART|SA_SIGINFO
SIGQUIT: [libjvm.dylib+0x486a7d], sa_mask[0]=11111111011111110111111111111111, sa_flags=SA_RESTART|SA_SIGINFO


---------------  S Y S T E M  ---------------

OS:Bsduname:Darwin 14.5.0 Darwin Kernel Version 14.5.0: Fri Feb 17 10:33:20 PST 2017; root:xnu-2782.50.9.1.1~1/RELEASE_X86_64 x86_64
rlimit: STACK 8192k, CORE 0k, NPROC 709, NOFILE 10240, AS infinity
load average:8.95 8.06 8.17

CPU:total 4 (initial active 4) (4 cores per cpu, 1 threads per core) family 6 model 60 stepping 3, cmov, cx8, fxsr, mmx, sse, sse2, sse3, ssse3, sse4.1, sse4.2, popcnt, avx, avx2, aes, clmul, erms, rtm, lzcnt, tsc, tscinvbit, bmi1, bmi2

Memory: 4k page, physical 8388608k(20884k free)

/proc/meminfo:


vm_info: Java HotSpot(TM) 64-Bit Server VM (25.131-b11) for bsd-amd64 JRE (1.8.0_131-b11), built on Mar 15 2017 01:32:22 by "java_re" with gcc 4.2.1 (Based on Apple Inc. build 5658) (LLVM build 2336.11.00)

time: Thu May 25 22:01:26 2017
elapsed time: 21570 seconds (0d 5h 59m 30s)

